TpTrace Verbose: 0 : 22388, 1, 2021/10/25, 17:34:29.691, 223998902621, vstest.console.dll, Version: 16.10.0
TpTrace Information: 0 : 22388, 1, 2021/10/25, 17:34:29.699, 223998958764, vstest.console.dll, FilePatternParser: The given file C:\Systems\BasketPriceCalculation\PriceCalculation.UnitTests\bin\Debug\netcoreapp3.1\fine-code-coverage\build-output\PriceCalculation.UnitTests.dll is a full path.
TpTrace Verbose: 0 : 22388, 1, 2021/10/25, 17:34:29.704, 223999016200, vstest.console.dll, TestPluginCache.DiscoverTestExtensions: finding test extensions in assemblies ends with: RuntimeProvider.dll TPluginInfo: Microsoft.VisualStudio.TestPlatform.Common.ExtensionFramework.Utilities.TestRuntimePluginInformation TExtension: Microsoft.VisualStudio.TestPlatform.ObjectModel.Host.ITestRuntimeProvider
TpTrace Verbose: 0 : 22388, 1, 2021/10/25, 17:34:29.706, 223999031027, vstest.console.dll, TestPluginCache.GetExtensionPaths: Filtered extension paths: 
TpTrace Verbose: 0 : 22388, 1, 2021/10/25, 17:34:29.706, 223999032266, vstest.console.dll, TestPluginCache.GetExtensionPaths: Added default extension paths: C:\Program Files\dotnet\sdk\5.0.302\Extensions\Microsoft.Diagnostics.NETCore.Client.dll
C:\Program Files\dotnet\sdk\5.0.302\Extensions\Microsoft.TestPlatform.Extensions.BlameDataCollector.dll
C:\Program Files\dotnet\sdk\5.0.302\Extensions\Microsoft.TestPlatform.Extensions.EventLogCollector.dll
C:\Program Files\dotnet\sdk\5.0.302\Extensions\Microsoft.TestPlatform.TestHostRuntimeProvider.dll
C:\Program Files\dotnet\sdk\5.0.302\Extensions\Microsoft.VisualStudio.TestPlatform.Extensions.Html.TestLogger.dll
C:\Program Files\dotnet\sdk\5.0.302\Extensions\Microsoft.VisualStudio.TestPlatform.Extensions.Trx.TestLogger.dll
TpTrace Verbose: 0 : 22388, 1, 2021/10/25, 17:34:29.706, 223999032864, vstest.console.dll, TestPluginCache.GetExtensionPaths: Added unfilterableExtensionPaths: 
TpTrace Information: 0 : 22388, 1, 2021/10/25, 17:34:29.707, 223999039113, vstest.console.dll, AssemblyResolver.ctor: Creating AssemblyResolver with searchDirectories C:\Program Files\dotnet\sdk\5.0.302\Extensions,C:\Program Files\dotnet\sdk\5.0.302
TpTrace Verbose: 0 : 22388, 1, 2021/10/25, 17:34:29.708, 223999050758, vstest.console.dll, TestPluginCache.DiscoverTestExtensions: Discovering the extensions using extension path.
TpTrace Verbose: 0 : 22388, 1, 2021/10/25, 17:34:29.708, 223999051992, vstest.console.dll, TestPluginCache.GetExtensionPaths: Filtered extension paths: 
TpTrace Verbose: 0 : 22388, 1, 2021/10/25, 17:34:29.708, 223999052651, vstest.console.dll, TestPluginCache.GetExtensionPaths: Added default extension paths: C:\Program Files\dotnet\sdk\5.0.302\Extensions\Microsoft.Diagnostics.NETCore.Client.dll
C:\Program Files\dotnet\sdk\5.0.302\Extensions\Microsoft.TestPlatform.Extensions.BlameDataCollector.dll
C:\Program Files\dotnet\sdk\5.0.302\Extensions\Microsoft.TestPlatform.Extensions.EventLogCollector.dll
C:\Program Files\dotnet\sdk\5.0.302\Extensions\Microsoft.TestPlatform.TestHostRuntimeProvider.dll
C:\Program Files\dotnet\sdk\5.0.302\Extensions\Microsoft.VisualStudio.TestPlatform.Extensions.Html.TestLogger.dll
C:\Program Files\dotnet\sdk\5.0.302\Extensions\Microsoft.VisualStudio.TestPlatform.Extensions.Trx.TestLogger.dll
TpTrace Verbose: 0 : 22388, 1, 2021/10/25, 17:34:29.708, 223999053202, vstest.console.dll, TestPluginCache.GetExtensionPaths: Added unfilterableExtensionPaths: 
TpTrace Verbose: 0 : 22388, 1, 2021/10/25, 17:34:29.708, 223999054019, vstest.console.dll, TestPluginCache.DiscoverTestExtensions: Discovering the extensions using allExtensionPaths: C:\Program Files\dotnet\sdk\5.0.302\Extensions\Microsoft.Diagnostics.NETCore.Client.dll
C:\Program Files\dotnet\sdk\5.0.302\Extensions\Microsoft.TestPlatform.Extensions.BlameDataCollector.dll
C:\Program Files\dotnet\sdk\5.0.302\Extensions\Microsoft.TestPlatform.Extensions.EventLogCollector.dll
C:\Program Files\dotnet\sdk\5.0.302\Extensions\Microsoft.TestPlatform.TestHostRuntimeProvider.dll
C:\Program Files\dotnet\sdk\5.0.302\Extensions\Microsoft.VisualStudio.TestPlatform.Extensions.Html.TestLogger.dll
C:\Program Files\dotnet\sdk\5.0.302\Extensions\Microsoft.VisualStudio.TestPlatform.Extensions.Trx.TestLogger.dll
TpTrace Information: 0 : 22388, 1, 2021/10/25, 17:34:29.708, 223999055486, vstest.console.dll, AssemblyResolver.AddSearchDirectories: Adding more searchDirectories C:\Program Files\dotnet\sdk\5.0.302\Extensions,C:\Program Files\dotnet\sdk\5.0.302
TpTrace Information: 0 : 22388, 1, 2021/10/25, 17:34:29.708, 223999056277, vstest.console.dll, AssemblyResolver.AddSearchDirectories: Adding more searchDirectories C:\Program Files\dotnet\sdk\5.0.302\Extensions,C:\Program Files\dotnet\sdk\5.0.302
TpTrace Information: 0 : 22388, 1, 2021/10/25, 17:34:29.709, 223999056887, vstest.console.dll, AssemblyResolver.AddSearchDirectories: Adding more searchDirectories C:\Program Files\dotnet\sdk\5.0.302\Extensions,C:\Program Files\dotnet\sdk\5.0.302
TpTrace Information: 0 : 22388, 1, 2021/10/25, 17:34:29.709, 223999057441, vstest.console.dll, AssemblyResolver.AddSearchDirectories: Adding more searchDirectories C:\Program Files\dotnet\sdk\5.0.302\Extensions,C:\Program Files\dotnet\sdk\5.0.302
TpTrace Information: 0 : 22388, 1, 2021/10/25, 17:34:29.709, 223999058018, vstest.console.dll, AssemblyResolver.AddSearchDirectories: Adding more searchDirectories C:\Program Files\dotnet\sdk\5.0.302\Extensions,C:\Program Files\dotnet\sdk\5.0.302
TpTrace Information: 0 : 22388, 1, 2021/10/25, 17:34:29.709, 223999058611, vstest.console.dll, AssemblyResolver.AddSearchDirectories: Adding more searchDirectories C:\Program Files\dotnet\sdk\5.0.302\Extensions,C:\Program Files\dotnet\sdk\5.0.302
TpTrace Information: 0 : 22388, 1, 2021/10/25, 17:34:29.709, 223999061440, vstest.console.dll, AssemblyResolver.OnResolve: Microsoft.Diagnostics.NETCore.Client: Resolving assembly.
TpTrace Information: 0 : 22388, 1, 2021/10/25, 17:34:29.709, 223999062218, vstest.console.dll, AssemblyResolver.OnResolve: Microsoft.Diagnostics.NETCore.Client: Searching in: 'C:\Program Files\dotnet\sdk\5.0.302\Extensions'.
TpTrace Information: 0 : 22388, 1, 2021/10/25, 17:34:29.710, 223999067149, vstest.console.dll, AssemblyResolver.OnResolve: Microsoft.Diagnostics.NETCore.Client: Loading assembly 'C:\Program Files\dotnet\sdk\5.0.302\Extensions\Microsoft.Diagnostics.NETCore.Client.dll'.
TpTrace Information: 0 : 22388, 1, 2021/10/25, 17:34:29.710, 223999073015, vstest.console.dll, AssemblyResolver.OnResolve: Resolved assembly: Microsoft.Diagnostics.NETCore.Client, from path: C:\Program Files\dotnet\sdk\5.0.302\Extensions\Microsoft.Diagnostics.NETCore.Client.dll
TpTrace Information: 0 : 22388, 1, 2021/10/25, 17:34:29.713, 223999100208, vstest.console.dll, AssemblyResolver.OnResolve: Microsoft.Bcl.AsyncInterfaces: Resolving assembly.
TpTrace Information: 0 : 22388, 1, 2021/10/25, 17:34:29.713, 223999101224, vstest.console.dll, AssemblyResolver.OnResolve: Microsoft.Bcl.AsyncInterfaces: Searching in: 'C:\Program Files\dotnet\sdk\5.0.302\Extensions'.
TpTrace Information: 0 : 22388, 1, 2021/10/25, 17:34:29.713, 223999102132, vstest.console.dll, AssemblyResolver.OnResolve: Microsoft.Bcl.AsyncInterfaces: Assembly path does not exist: 'C:\Program Files\dotnet\sdk\5.0.302\Extensions\Microsoft.Bcl.AsyncInterfaces.dll', returning.
TpTrace Information: 0 : 22388, 1, 2021/10/25, 17:34:29.713, 223999102936, vstest.console.dll, AssemblyResolver.OnResolve: Microsoft.Bcl.AsyncInterfaces: Assembly path does not exist: 'C:\Program Files\dotnet\sdk\5.0.302\Extensions\Microsoft.Bcl.AsyncInterfaces.exe', returning.
TpTrace Information: 0 : 22388, 1, 2021/10/25, 17:34:29.713, 223999103510, vstest.console.dll, AssemblyResolver.OnResolve: Microsoft.Bcl.AsyncInterfaces: Searching in: 'C:\Program Files\dotnet\sdk\5.0.302'.
TpTrace Information: 0 : 22388, 1, 2021/10/25, 17:34:29.713, 223999104255, vstest.console.dll, AssemblyResolver.OnResolve: Microsoft.Bcl.AsyncInterfaces: Assembly path does not exist: 'C:\Program Files\dotnet\sdk\5.0.302\Microsoft.Bcl.AsyncInterfaces.dll', returning.
TpTrace Information: 0 : 22388, 1, 2021/10/25, 17:34:29.713, 223999104990, vstest.console.dll, AssemblyResolver.OnResolve: Microsoft.Bcl.AsyncInterfaces: Assembly path does not exist: 'C:\Program Files\dotnet\sdk\5.0.302\Microsoft.Bcl.AsyncInterfaces.exe', returning.
TpTrace Information: 0 : 22388, 1, 2021/10/25, 17:34:29.713, 223999105872, vstest.console.dll, AssemblyResolver.OnResolve: Microsoft.Bcl.AsyncInterfaces: Failed to load assembly.
TpTrace Verbose: 0 : 22388, 1, 2021/10/25, 17:34:29.714, 223999106535, vstest.console.dll, CurrentDomainAssemblyResolve: Resolving assembly 'Microsoft.Bcl.AsyncInterfaces'.
TpTrace Information: 0 : 22388, 1, 2021/10/25, 17:34:29.714, 223999107342, vstest.console.dll, AssemblyResolver.OnResolve: Microsoft.Bcl.AsyncInterfaces: Resolving assembly.
TpTrace Information: 0 : 22388, 1, 2021/10/25, 17:34:29.714, 223999107986, vstest.console.dll, AssemblyResolver.OnResolve: Microsoft.Bcl.AsyncInterfaces: Resolved from cache.
TpTrace Verbose: 0 : 22388, 1, 2021/10/25, 17:34:29.714, 223999108547, vstest.console.dll, CurrentDomainAssemblyResolve: Resolving assembly 'Microsoft.Bcl.AsyncInterfaces'.
TpTrace Verbose: 0 : 22388, 1, 2021/10/25, 17:34:29.714, 223999109144, vstest.console.dll, CurrentDomainAssemblyResolve: Failed to resolve assembly 'Microsoft.Bcl.AsyncInterfaces'.
TpTrace Verbose: 0 : 22388, 1, 2021/10/25, 17:34:29.714, 223999115341, vstest.console.dll, CurrentDomainAssemblyResolve: Failed to resolve assembly 'Microsoft.Bcl.AsyncInterfaces'.
TpTrace Warning: 0 : 22388, 1, 2021/10/25, 17:34:29.726, 223999227582, vstest.console.dll, TestPluginDiscoverer: Failed to get types from assembly 'Microsoft.Diagnostics.NETCore.Client, Version=0.2.2.41902, Culture=neutral, PublicKeyToken=31bf3856ad364e35'.  Skipping test extension scan for this assembly.  Error: System.Reflection.ReflectionTypeLoadException: Unable to load one or more of the requested types.
Could not load file or assembly 'Microsoft.Bcl.AsyncInterfaces, Version=1.0.0.0, Culture=neutral, PublicKeyToken=cc7b13ffcd2ddd51'. The system cannot find the file specified.
   at System.Reflection.RuntimeModule.GetTypes(RuntimeModule module)
   at System.Reflection.RuntimeModule.GetTypes()
   at System.Reflection.Assembly.GetTypes()
   at Microsoft.VisualStudio.TestPlatform.Common.ExtensionFramework.TestPluginDiscoverer.GetTestExtensionsFromAssembly[TPluginInfo,TExtension](Assembly assembly, Dictionary`2 pluginInfos)
System.IO.FileNotFoundException: Could not load file or assembly 'Microsoft.Bcl.AsyncInterfaces, Version=1.0.0.0, Culture=neutral, PublicKeyToken=cc7b13ffcd2ddd51'. The system cannot find the file specified.
File name: 'Microsoft.Bcl.AsyncInterfaces, Version=1.0.0.0, Culture=neutral, PublicKeyToken=cc7b13ffcd2ddd51'
TpTrace Warning: 0 : 22388, 1, 2021/10/25, 17:34:29.726, 223999228755, vstest.console.dll, LoaderExceptions: System.IO.FileNotFoundException: Could not load file or assembly 'Microsoft.Bcl.AsyncInterfaces, Version=1.0.0.0, Culture=neutral, PublicKeyToken=cc7b13ffcd2ddd51'. The system cannot find the file specified.
File name: 'Microsoft.Bcl.AsyncInterfaces, Version=1.0.0.0, Culture=neutral, PublicKeyToken=cc7b13ffcd2ddd51'
TpTrace Information: 0 : 22388, 1, 2021/10/25, 17:34:29.726, 223999229872, vstest.console.dll, AssemblyResolver.OnResolve: Microsoft.TestPlatform.Extensions.BlameDataCollector: Resolving assembly.
TpTrace Information: 0 : 22388, 1, 2021/10/25, 17:34:29.726, 223999230459, vstest.console.dll, AssemblyResolver.OnResolve: Microsoft.TestPlatform.Extensions.BlameDataCollector: Searching in: 'C:\Program Files\dotnet\sdk\5.0.302\Extensions'.
TpTrace Information: 0 : 22388, 1, 2021/10/25, 17:34:29.726, 223999235593, vstest.console.dll, AssemblyResolver.OnResolve: Microsoft.TestPlatform.Extensions.BlameDataCollector: Loading assembly 'C:\Program Files\dotnet\sdk\5.0.302\Extensions\Microsoft.TestPlatform.Extensions.BlameDataCollector.dll'.
TpTrace Information: 0 : 22388, 1, 2021/10/25, 17:34:29.727, 223999244045, vstest.console.dll, AssemblyResolver.OnResolve: Resolved assembly: Microsoft.TestPlatform.Extensions.BlameDataCollector, from path: C:\Program Files\dotnet\sdk\5.0.302\Extensions\Microsoft.TestPlatform.Extensions.BlameDataCollector.dll
TpTrace Information: 0 : 22388, 1, 2021/10/25, 17:34:29.728, 223999250785, vstest.console.dll, AssemblyResolver.OnResolve: Microsoft.TestPlatform.Extensions.EventLogCollector: Resolving assembly.
TpTrace Information: 0 : 22388, 1, 2021/10/25, 17:34:29.728, 223999251643, vstest.console.dll, AssemblyResolver.OnResolve: Microsoft.TestPlatform.Extensions.EventLogCollector: Searching in: 'C:\Program Files\dotnet\sdk\5.0.302\Extensions'.
TpTrace Information: 0 : 22388, 1, 2021/10/25, 17:34:29.729, 223999256691, vstest.console.dll, AssemblyResolver.OnResolve: Microsoft.TestPlatform.Extensions.EventLogCollector: Loading assembly 'C:\Program Files\dotnet\sdk\5.0.302\Extensions\Microsoft.TestPlatform.Extensions.EventLogCollector.dll'.
TpTrace Information: 0 : 22388, 1, 2021/10/25, 17:34:29.729, 223999261401, vstest.console.dll, AssemblyResolver.OnResolve: Resolved assembly: Microsoft.TestPlatform.Extensions.EventLogCollector, from path: C:\Program Files\dotnet\sdk\5.0.302\Extensions\Microsoft.TestPlatform.Extensions.EventLogCollector.dll
TpTrace Information: 0 : 22388, 1, 2021/10/25, 17:34:29.731, 223999279390, vstest.console.dll, AssemblyResolver.OnResolve: Microsoft.TestPlatform.TestHostRuntimeProvider: Resolving assembly.
TpTrace Information: 0 : 22388, 1, 2021/10/25, 17:34:29.731, 223999280297, vstest.console.dll, AssemblyResolver.OnResolve: Microsoft.TestPlatform.TestHostRuntimeProvider: Searching in: 'C:\Program Files\dotnet\sdk\5.0.302\Extensions'.
TpTrace Information: 0 : 22388, 1, 2021/10/25, 17:34:29.731, 223999283828, vstest.console.dll, AssemblyResolver.OnResolve: Microsoft.TestPlatform.TestHostRuntimeProvider: Loading assembly 'C:\Program Files\dotnet\sdk\5.0.302\Extensions\Microsoft.TestPlatform.TestHostRuntimeProvider.dll'.
TpTrace Information: 0 : 22388, 1, 2021/10/25, 17:34:29.732, 223999288411, vstest.console.dll, AssemblyResolver.OnResolve: Resolved assembly: Microsoft.TestPlatform.TestHostRuntimeProvider, from path: C:\Program Files\dotnet\sdk\5.0.302\Extensions\Microsoft.TestPlatform.TestHostRuntimeProvider.dll
TpTrace Information: 0 : 22388, 1, 2021/10/25, 17:34:29.733, 223999297356, vstest.console.dll, AssemblyResolver.OnResolve: Microsoft.VisualStudio.TestPlatform.Extensions.Html.TestLogger: Resolving assembly.
TpTrace Information: 0 : 22388, 1, 2021/10/25, 17:34:29.733, 223999298131, vstest.console.dll, AssemblyResolver.OnResolve: Microsoft.VisualStudio.TestPlatform.Extensions.Html.TestLogger: Searching in: 'C:\Program Files\dotnet\sdk\5.0.302\Extensions'.
TpTrace Information: 0 : 22388, 1, 2021/10/25, 17:34:29.733, 223999302067, vstest.console.dll, AssemblyResolver.OnResolve: Microsoft.VisualStudio.TestPlatform.Extensions.Html.TestLogger: Loading assembly 'C:\Program Files\dotnet\sdk\5.0.302\Extensions\Microsoft.VisualStudio.TestPlatform.Extensions.Html.TestLogger.dll'.
TpTrace Information: 0 : 22388, 1, 2021/10/25, 17:34:29.734, 223999307014, vstest.console.dll, AssemblyResolver.OnResolve: Resolved assembly: Microsoft.VisualStudio.TestPlatform.Extensions.Html.TestLogger, from path: C:\Program Files\dotnet\sdk\5.0.302\Extensions\Microsoft.VisualStudio.TestPlatform.Extensions.Html.TestLogger.dll
TpTrace Information: 0 : 22388, 1, 2021/10/25, 17:34:29.734, 223999309678, vstest.console.dll, AssemblyResolver.OnResolve: Microsoft.VisualStudio.TestPlatform.Extensions.Trx.TestLogger: Resolving assembly.
TpTrace Information: 0 : 22388, 1, 2021/10/25, 17:34:29.734, 223999310370, vstest.console.dll, AssemblyResolver.OnResolve: Microsoft.VisualStudio.TestPlatform.Extensions.Trx.TestLogger: Searching in: 'C:\Program Files\dotnet\sdk\5.0.302\Extensions'.
TpTrace Information: 0 : 22388, 1, 2021/10/25, 17:34:29.734, 223999314132, vstest.console.dll, AssemblyResolver.OnResolve: Microsoft.VisualStudio.TestPlatform.Extensions.Trx.TestLogger: Loading assembly 'C:\Program Files\dotnet\sdk\5.0.302\Extensions\Microsoft.VisualStudio.TestPlatform.Extensions.Trx.TestLogger.dll'.
TpTrace Information: 0 : 22388, 1, 2021/10/25, 17:34:29.735, 223999320050, vstest.console.dll, AssemblyResolver.OnResolve: Resolved assembly: Microsoft.VisualStudio.TestPlatform.Extensions.Trx.TestLogger, from path: C:\Program Files\dotnet\sdk\5.0.302\Extensions\Microsoft.VisualStudio.TestPlatform.Extensions.Trx.TestLogger.dll
TpTrace Verbose: 0 : 22388, 1, 2021/10/25, 17:34:29.736, 223999326773, vstest.console.dll, TestPluginCache: Discovered the extensions using extension path ''.
TpTrace Verbose: 0 : 22388, 1, 2021/10/25, 17:34:29.736, 223999327860, vstest.console.dll, TestPluginCache: Discoverers are ''.
TpTrace Verbose: 0 : 22388, 1, 2021/10/25, 17:34:29.736, 223999328661, vstest.console.dll, TestPluginCache: Executors are ''.
TpTrace Verbose: 0 : 22388, 1, 2021/10/25, 17:34:29.736, 223999329192, vstest.console.dll, TestPluginCache: Executors2 are ''.
TpTrace Verbose: 0 : 22388, 1, 2021/10/25, 17:34:29.736, 223999329687, vstest.console.dll, TestPluginCache: Setting providers are ''.
TpTrace Verbose: 0 : 22388, 1, 2021/10/25, 17:34:29.736, 223999330180, vstest.console.dll, TestPluginCache: Loggers are ''.
TpTrace Information: 0 : 22388, 1, 2021/10/25, 17:34:29.740, 223999370742, vstest.console.dll, RunTestsArgumentProcessor:Execute: Test run is starting.
TpTrace Verbose: 0 : 22388, 1, 2021/10/25, 17:34:29.740, 223999371732, vstest.console.dll, RunTestsArgumentProcessor:Execute: Queuing Test run.
TpTrace Information: 0 : 22388, 1, 2021/10/25, 17:34:29.740, 223999373280, vstest.console.dll, TestRequestManager.RunTests: run tests started.
TpTrace Information: 0 : 22388, 1, 2021/10/25, 17:34:29.742, 223999394518, vstest.console.dll, AssemblyMetadataProvider.GetFrameWork: Determined framework:'.NETCoreApp,Version=v3.1' for source: 'C:\Systems\BasketPriceCalculation\PriceCalculation.UnitTests\bin\Debug\netcoreapp3.1\fine-code-coverage\build-output\PriceCalculation.UnitTests.dll'
TpTrace Information: 0 : 22388, 1, 2021/10/25, 17:34:29.742, 223999395913, vstest.console.dll, Determined framework for all sources: .NETCoreApp,Version=v3.1
TpTrace Information: 0 : 22388, 1, 2021/10/25, 17:34:29.743, 223999399107, vstest.console.dll, AssemblyMetadataProvider.GetArchitecture: Determined architecture:AnyCPU info for assembly: C:\Systems\BasketPriceCalculation\PriceCalculation.UnitTests\bin\Debug\netcoreapp3.1\fine-code-coverage\build-output\PriceCalculation.UnitTests.dll
TpTrace Information: 0 : 22388, 1, 2021/10/25, 17:34:29.744, 223999412337, vstest.console.dll, Determined platform for all sources: X64
TpTrace Information: 0 : 22388, 1, 2021/10/25, 17:34:29.746, 223999430933, vstest.console.dll, Compatible sources list : 
TpTrace Information: 0 : 22388, 1, 2021/10/25, 17:34:29.746, 223999431784, vstest.console.dll, C:\Systems\BasketPriceCalculation\PriceCalculation.UnitTests\bin\Debug\netcoreapp3.1\fine-code-coverage\build-output\PriceCalculation.UnitTests.dll
TpTrace Information: 0 : 22388, 1, 2021/10/25, 17:34:29.747, 223999445861, vstest.console.dll, InferRunSettingsHelper.IsTestSettingsEnabled: Unable to navigate to RunSettings/MSTest. Current node: RunSettings
TpTrace Information: 0 : 22388, 1, 2021/10/25, 17:34:29.748, 223999450516, vstest.console.dll, AssemblyResolver.OnResolve: Microsoft.VisualStudio.TestPlatform.Fakes: Resolving assembly.
TpTrace Information: 0 : 22388, 1, 2021/10/25, 17:34:29.748, 223999451247, vstest.console.dll, AssemblyResolver.OnResolve: Microsoft.VisualStudio.TestPlatform.Fakes: Searching in: 'C:\Program Files\dotnet\sdk\5.0.302\Extensions'.
TpTrace Information: 0 : 22388, 1, 2021/10/25, 17:34:29.748, 223999452281, vstest.console.dll, AssemblyResolver.OnResolve: Microsoft.VisualStudio.TestPlatform.Fakes: Assembly path does not exist: 'C:\Program Files\dotnet\sdk\5.0.302\Extensions\Microsoft.VisualStudio.TestPlatform.Fakes.dll', returning.
TpTrace Information: 0 : 22388, 1, 2021/10/25, 17:34:29.748, 223999453095, vstest.console.dll, AssemblyResolver.OnResolve: Microsoft.VisualStudio.TestPlatform.Fakes: Assembly path does not exist: 'C:\Program Files\dotnet\sdk\5.0.302\Extensions\Microsoft.VisualStudio.TestPlatform.Fakes.exe', returning.
TpTrace Information: 0 : 22388, 1, 2021/10/25, 17:34:29.748, 223999453678, vstest.console.dll, AssemblyResolver.OnResolve: Microsoft.VisualStudio.TestPlatform.Fakes: Searching in: 'C:\Program Files\dotnet\sdk\5.0.302'.
TpTrace Information: 0 : 22388, 1, 2021/10/25, 17:34:29.748, 223999454454, vstest.console.dll, AssemblyResolver.OnResolve: Microsoft.VisualStudio.TestPlatform.Fakes: Assembly path does not exist: 'C:\Program Files\dotnet\sdk\5.0.302\Microsoft.VisualStudio.TestPlatform.Fakes.dll', returning.
TpTrace Information: 0 : 22388, 1, 2021/10/25, 17:34:29.748, 223999455686, vstest.console.dll, AssemblyResolver.OnResolve: Microsoft.VisualStudio.TestPlatform.Fakes: Assembly path does not exist: 'C:\Program Files\dotnet\sdk\5.0.302\Microsoft.VisualStudio.TestPlatform.Fakes.exe', returning.
TpTrace Information: 0 : 22388, 1, 2021/10/25, 17:34:29.748, 223999456187, vstest.console.dll, AssemblyResolver.OnResolve: Microsoft.VisualStudio.TestPlatform.Fakes: Failed to load assembly.
TpTrace Information: 0 : 22388, 1, 2021/10/25, 17:34:29.749, 223999459168, vstest.console.dll, Failed to create newly implemented Fakes Configurator. Reason:System.IO.FileNotFoundException: Could not load file or assembly 'Microsoft.VisualStudio.TestPlatform.Fakes, Version=16.0.0.0, Culture=neutral, PublicKeyToken=null'. The system cannot find the file specified.
File name: 'Microsoft.VisualStudio.TestPlatform.Fakes, Version=16.0.0.0, Culture=neutral, PublicKeyToken=null'
   at System.Reflection.RuntimeAssembly.InternalLoad(ObjectHandleOnStack assemblyName, ObjectHandleOnStack requestingAssembly, StackCrawlMarkHandle stackMark, Boolean throwOnFileNotFound, ObjectHandleOnStack assemblyLoadContext, ObjectHandleOnStack retAssembly)
   at System.Reflection.RuntimeAssembly.InternalLoad(AssemblyName assemblyName, RuntimeAssembly requestingAssembly, StackCrawlMark& stackMark, Boolean throwOnFileNotFound, AssemblyLoadContext assemblyLoadContext)
   at System.Reflection.Assembly.Load(AssemblyName assemblyRef)
   at Microsoft.VisualStudio.TestPlatform.Common.Utilities.FakesUtilities.TryGetFakesCrossPlatformDataCollectorConfigurator() 
TpTrace Verbose: 0 : 22388, 1, 2021/10/25, 17:34:29.751, 223999485719, vstest.console.dll, TestPluginCache.DiscoverTestExtensions: finding test extensions in assemblies ends with: TestLogger.dll TPluginInfo: Microsoft.VisualStudio.TestPlatform.Common.ExtensionFramework.Utilities.TestLoggerPluginInformation TExtension: Microsoft.VisualStudio.TestPlatform.ObjectModel.Client.ITestLogger
TpTrace Verbose: 0 : 22388, 1, 2021/10/25, 17:34:29.752, 223999486960, vstest.console.dll, TestPluginCache.GetExtensionPaths: Filtered extension paths: 
TpTrace Verbose: 0 : 22388, 1, 2021/10/25, 17:34:29.752, 223999487564, vstest.console.dll, TestPluginCache.GetExtensionPaths: Added default extension paths: C:\Program Files\dotnet\sdk\5.0.302\Extensions\Microsoft.Diagnostics.NETCore.Client.dll
C:\Program Files\dotnet\sdk\5.0.302\Extensions\Microsoft.TestPlatform.Extensions.BlameDataCollector.dll
C:\Program Files\dotnet\sdk\5.0.302\Extensions\Microsoft.TestPlatform.Extensions.EventLogCollector.dll
C:\Program Files\dotnet\sdk\5.0.302\Extensions\Microsoft.TestPlatform.TestHostRuntimeProvider.dll
C:\Program Files\dotnet\sdk\5.0.302\Extensions\Microsoft.VisualStudio.TestPlatform.Extensions.Html.TestLogger.dll
C:\Program Files\dotnet\sdk\5.0.302\Extensions\Microsoft.VisualStudio.TestPlatform.Extensions.Trx.TestLogger.dll
TpTrace Verbose: 0 : 22388, 1, 2021/10/25, 17:34:29.752, 223999488161, vstest.console.dll, TestPluginCache.GetExtensionPaths: Added unfilterableExtensionPaths: 
TpTrace Information: 0 : 22388, 1, 2021/10/25, 17:34:29.752, 223999489566, vstest.console.dll, AssemblyResolver.AddSearchDirectories: Adding more searchDirectories C:\Program Files\dotnet\sdk\5.0.302\Extensions,C:\Program Files\dotnet\sdk\5.0.302
TpTrace Verbose: 0 : 22388, 1, 2021/10/25, 17:34:29.752, 223999490218, vstest.console.dll, TestPluginCache.DiscoverTestExtensions: Discovering the extensions using extension path.
TpTrace Verbose: 0 : 22388, 1, 2021/10/25, 17:34:29.752, 223999490757, vstest.console.dll, TestPluginCache.GetExtensionPaths: Filtered extension paths: 
TpTrace Verbose: 0 : 22388, 1, 2021/10/25, 17:34:29.752, 223999491465, vstest.console.dll, TestPluginCache.GetExtensionPaths: Added default extension paths: C:\Program Files\dotnet\sdk\5.0.302\Extensions\Microsoft.Diagnostics.NETCore.Client.dll
C:\Program Files\dotnet\sdk\5.0.302\Extensions\Microsoft.TestPlatform.Extensions.BlameDataCollector.dll
C:\Program Files\dotnet\sdk\5.0.302\Extensions\Microsoft.TestPlatform.Extensions.EventLogCollector.dll
C:\Program Files\dotnet\sdk\5.0.302\Extensions\Microsoft.TestPlatform.TestHostRuntimeProvider.dll
C:\Program Files\dotnet\sdk\5.0.302\Extensions\Microsoft.VisualStudio.TestPlatform.Extensions.Html.TestLogger.dll
C:\Program Files\dotnet\sdk\5.0.302\Extensions\Microsoft.VisualStudio.TestPlatform.Extensions.Trx.TestLogger.dll
TpTrace Verbose: 0 : 22388, 1, 2021/10/25, 17:34:29.752, 223999491994, vstest.console.dll, TestPluginCache.GetExtensionPaths: Added unfilterableExtensionPaths: 
TpTrace Verbose: 0 : 22388, 1, 2021/10/25, 17:34:29.752, 223999492543, vstest.console.dll, TestPluginCache.DiscoverTestExtensions: Discovering the extensions using allExtensionPaths: C:\Program Files\dotnet\sdk\5.0.302\Extensions\Microsoft.Diagnostics.NETCore.Client.dll
C:\Program Files\dotnet\sdk\5.0.302\Extensions\Microsoft.TestPlatform.Extensions.BlameDataCollector.dll
C:\Program Files\dotnet\sdk\5.0.302\Extensions\Microsoft.TestPlatform.Extensions.EventLogCollector.dll
C:\Program Files\dotnet\sdk\5.0.302\Extensions\Microsoft.TestPlatform.TestHostRuntimeProvider.dll
C:\Program Files\dotnet\sdk\5.0.302\Extensions\Microsoft.VisualStudio.TestPlatform.Extensions.Html.TestLogger.dll
C:\Program Files\dotnet\sdk\5.0.302\Extensions\Microsoft.VisualStudio.TestPlatform.Extensions.Trx.TestLogger.dll
TpTrace Information: 0 : 22388, 1, 2021/10/25, 17:34:29.752, 223999493152, vstest.console.dll, AssemblyResolver.AddSearchDirectories: Adding more searchDirectories C:\Program Files\dotnet\sdk\5.0.302\Extensions,C:\Program Files\dotnet\sdk\5.0.302
TpTrace Information: 0 : 22388, 1, 2021/10/25, 17:34:29.752, 223999493725, vstest.console.dll, AssemblyResolver.AddSearchDirectories: Adding more searchDirectories C:\Program Files\dotnet\sdk\5.0.302\Extensions,C:\Program Files\dotnet\sdk\5.0.302
TpTrace Information: 0 : 22388, 1, 2021/10/25, 17:34:29.752, 223999494249, vstest.console.dll, AssemblyResolver.AddSearchDirectories: Adding more searchDirectories C:\Program Files\dotnet\sdk\5.0.302\Extensions,C:\Program Files\dotnet\sdk\5.0.302
TpTrace Information: 0 : 22388, 1, 2021/10/25, 17:34:29.752, 223999495129, vstest.console.dll, AssemblyResolver.AddSearchDirectories: Adding more searchDirectories C:\Program Files\dotnet\sdk\5.0.302\Extensions,C:\Program Files\dotnet\sdk\5.0.302
TpTrace Information: 0 : 22388, 1, 2021/10/25, 17:34:29.752, 223999495711, vstest.console.dll, AssemblyResolver.AddSearchDirectories: Adding more searchDirectories C:\Program Files\dotnet\sdk\5.0.302\Extensions,C:\Program Files\dotnet\sdk\5.0.302
TpTrace Information: 0 : 22388, 1, 2021/10/25, 17:34:29.752, 223999496259, vstest.console.dll, AssemblyResolver.AddSearchDirectories: Adding more searchDirectories C:\Program Files\dotnet\sdk\5.0.302\Extensions,C:\Program Files\dotnet\sdk\5.0.302
TpTrace Information: 0 : 22388, 1, 2021/10/25, 17:34:29.753, 223999498437, vstest.console.dll, AssemblyResolver.OnResolve: Microsoft.Bcl.AsyncInterfaces: Resolving assembly.
TpTrace Information: 0 : 22388, 1, 2021/10/25, 17:34:29.753, 223999499071, vstest.console.dll, AssemblyResolver.OnResolve: Microsoft.Bcl.AsyncInterfaces: Resolved from cache.
TpTrace Verbose: 0 : 22388, 1, 2021/10/25, 17:34:29.753, 223999499637, vstest.console.dll, CurrentDomainAssemblyResolve: Resolving assembly 'Microsoft.Bcl.AsyncInterfaces'.
TpTrace Information: 0 : 22388, 1, 2021/10/25, 17:34:29.753, 223999500350, vstest.console.dll, AssemblyResolver.OnResolve: Microsoft.Bcl.AsyncInterfaces: Resolving assembly.
TpTrace Information: 0 : 22388, 1, 2021/10/25, 17:34:29.753, 223999500891, vstest.console.dll, AssemblyResolver.OnResolve: Microsoft.Bcl.AsyncInterfaces: Resolved from cache.
TpTrace Verbose: 0 : 22388, 1, 2021/10/25, 17:34:29.753, 223999501447, vstest.console.dll, CurrentDomainAssemblyResolve: Resolving assembly 'Microsoft.Bcl.AsyncInterfaces'.
TpTrace Verbose: 0 : 22388, 1, 2021/10/25, 17:34:29.753, 223999501974, vstest.console.dll, CurrentDomainAssemblyResolve: Failed to resolve assembly 'Microsoft.Bcl.AsyncInterfaces'.
TpTrace Verbose: 0 : 22388, 1, 2021/10/25, 17:34:29.753, 223999503774, vstest.console.dll, CurrentDomainAssemblyResolve: Failed to resolve assembly 'Microsoft.Bcl.AsyncInterfaces'.
TpTrace Warning: 0 : 22388, 1, 2021/10/25, 17:34:29.754, 223999507273, vstest.console.dll, TestPluginDiscoverer: Failed to get types from assembly 'Microsoft.Diagnostics.NETCore.Client, Version=0.2.2.41902, Culture=neutral, PublicKeyToken=31bf3856ad364e35'.  Skipping test extension scan for this assembly.  Error: System.Reflection.ReflectionTypeLoadException: Unable to load one or more of the requested types.
Could not load file or assembly 'Microsoft.Bcl.AsyncInterfaces, Version=1.0.0.0, Culture=neutral, PublicKeyToken=cc7b13ffcd2ddd51'. The system cannot find the file specified.
   at System.Reflection.RuntimeModule.GetTypes(RuntimeModule module)
   at System.Reflection.RuntimeModule.GetTypes()
   at System.Reflection.Assembly.GetTypes()
   at Microsoft.VisualStudio.TestPlatform.Common.ExtensionFramework.TestPluginDiscoverer.GetTestExtensionsFromAssembly[TPluginInfo,TExtension](Assembly assembly, Dictionary`2 pluginInfos)
System.IO.FileNotFoundException: Could not load file or assembly 'Microsoft.Bcl.AsyncInterfaces, Version=1.0.0.0, Culture=neutral, PublicKeyToken=cc7b13ffcd2ddd51'. The system cannot find the file specified.
File name: 'Microsoft.Bcl.AsyncInterfaces, Version=1.0.0.0, Culture=neutral, PublicKeyToken=cc7b13ffcd2ddd51'
TpTrace Warning: 0 : 22388, 1, 2021/10/25, 17:34:29.754, 223999507989, vstest.console.dll, LoaderExceptions: System.IO.FileNotFoundException: Could not load file or assembly 'Microsoft.Bcl.AsyncInterfaces, Version=1.0.0.0, Culture=neutral, PublicKeyToken=cc7b13ffcd2ddd51'. The system cannot find the file specified.
File name: 'Microsoft.Bcl.AsyncInterfaces, Version=1.0.0.0, Culture=neutral, PublicKeyToken=cc7b13ffcd2ddd51'
TpTrace Verbose: 0 : 22388, 1, 2021/10/25, 17:34:29.754, 223999511471, vstest.console.dll, TestPluginCache: Discovered the extensions using extension path ''.
TpTrace Verbose: 0 : 22388, 1, 2021/10/25, 17:34:29.754, 223999512105, vstest.console.dll, TestPluginCache: Discoverers are ''.
TpTrace Verbose: 0 : 22388, 1, 2021/10/25, 17:34:29.754, 223999512770, vstest.console.dll, TestPluginCache: Executors are ''.
TpTrace Verbose: 0 : 22388, 1, 2021/10/25, 17:34:29.754, 223999513259, vstest.console.dll, TestPluginCache: Executors2 are ''.
TpTrace Verbose: 0 : 22388, 1, 2021/10/25, 17:34:29.754, 223999513717, vstest.console.dll, TestPluginCache: Setting providers are ''.
TpTrace Verbose: 0 : 22388, 1, 2021/10/25, 17:34:29.754, 223999514491, vstest.console.dll, TestPluginCache: Loggers are 'logger://Microsoft/TestPlatform/Extensions/Blame/v1,logger://Microsoft/TestPlatform/HtmlLogger/v1,logger://Microsoft/TestPlatform/TrxLogger/v1'.
TpTrace Information: 0 : 22388, 1, 2021/10/25, 17:34:29.755, 223999520039, vstest.console.dll, TestPluginManager.CreateTestExtension: Attempting to load test extension: Microsoft.TestPlatform.Extensions.BlameDataCollector.BlameLogger
TpTrace Information: 0 : 22388, 1, 2021/10/25, 17:34:29.761, 223999579927, vstest.console.dll, TestPluginManager.CreateTestExtension: Attempting to load test extension: Microsoft.VisualStudio.TestPlatform.CrossPlatEngine.Hosting.DefaultTestHostManager
TpTrace Information: 0 : 22388, 1, 2021/10/25, 17:34:29.761, 223999582214, vstest.console.dll, TestPluginManager.CreateTestExtension: Attempting to load test extension: Microsoft.VisualStudio.TestPlatform.CrossPlatEngine.Hosting.DotnetTestHostManager
TpTrace Verbose: 0 : 22388, 1, 2021/10/25, 17:34:29.762, 223999586626, vstest.console.dll, TestEngine: Initializing Parallel Execution as MaxCpuCount is set to: 1
TpTrace Information: 0 : 22388, 1, 2021/10/25, 17:34:29.762, 223999590885, vstest.console.dll, InferRunSettingsHelper.IsTestSettingsEnabled: Unable to navigate to RunSettings/MSTest. Current node: RunSettings
TpTrace Verbose: 0 : 22388, 1, 2021/10/25, 17:34:29.771, 223999682283, vstest.console.dll, TestRequestSender is acting as server
TpTrace Verbose: 0 : 22388, 4, 2021/10/25, 17:34:29.773, 223999701283, vstest.console.dll, DataCollectionRequestSender.InitializeCommunication : Initialize communication. 
TpTrace Information: 0 : 22388, 4, 2021/10/25, 17:34:29.782, 223999786838, vstest.console.dll, Listening on Endpoint : 127.0.0.1:53403
TpTrace Verbose: 0 : 22388, 4, 2021/10/25, 17:34:29.787, 223999838442, vstest.console.dll, DotnetDataCollectionLauncher: Full path of dotnet.exe is C:\Program Files\dotnet\dotnet.exe
TpTrace Verbose: 0 : 22388, 4, 2021/10/25, 17:34:29.787, 223999840094, vstest.console.dll, DotnetDataCollectionLauncher: Adding  --runtimeconfig "C:\Program Files\dotnet\sdk\5.0.302\datacollector.runtimeconfig.json" in args
TpTrace Verbose: 0 : 22388, 4, 2021/10/25, 17:34:29.787, 223999841068, vstest.console.dll, DotnetDataCollectionLauncher: Adding  --depsfile "C:\Program Files\dotnet\sdk\5.0.302\datacollector.deps.json" in args
TpTrace Information: 0 : 22388, 4, 2021/10/25, 17:34:29.793, 223999903311, vstest.console.dll, ProxyDataCollectionManager.Initialize: Launched datacollector processId: 12336 port: 53403
TpTrace Information: 0 : 22388, 4, 2021/10/25, 17:34:29.793, 223999905102, vstest.console.dll, ProxyDataCollectionManager.Initialize: waiting for connection with timeout: 90 seconds
TpTrace Verbose: 0 : 22388, 4, 2021/10/25, 17:34:29.793, 223999906103, vstest.console.dll, DataCollectionRequestSender.WaitForRequestHandlerConnection : Waiting for connection with timeout: 90000
TpTrace Information: 0 : 22388, 7, 2021/10/25, 17:34:29.905, 224001016963, vstest.console.dll, Using the buffer size of 16384 bytes
TpTrace Verbose: 0 : 22388, 4, 2021/10/25, 17:34:29.905, 224001017594, vstest.console.dll, ProxyDataCollectionManager.InvokeDataCollectionServiceAction: Starting.
TpTrace Information: 0 : 22388, 7, 2021/10/25, 17:34:29.905, 224001018259, vstest.console.dll, Accepted Client request and set the flag
TpTrace Information: 0 : 22388, 4, 2021/10/25, 17:34:29.905, 224001019356, vstest.console.dll, ProxyDataCollectionManager.BeforeTestRunStart: Get environment variable and port for datacollector processId: 12336 port: 53403
TpTrace Verbose: 0 : 22388, 4, 2021/10/25, 17:34:29.905, 224001021469, vstest.console.dll, DataCollectionRequestSender.SendBeforeTestRunStartAndGetResult : Send BeforeTestRunStart message with settingsXml <RunSettings><RunConfiguration><ResultsDirectory>C:\Systems\BasketPriceCalculation\PriceCalculation.UnitTests\bin\Debug\netcoreapp3.1\fine-code-coverage\coverage-tool-output</ResultsDirectory><TargetPlatform>X64</TargetPlatform><TargetFrameworkVersion>.NETCoreApp,Version=v3.1</TargetFrameworkVersion><DesignMode>False</DesignMode><CollectSourceInformation>False</CollectSourceInformation><TestAdaptersPaths>C:\Program Files\dotnet\sdk\5.0.302\Extensions</TestAdaptersPaths></RunConfiguration><LoggerRunSettings><Loggers><Logger friendlyName="blame" enabled="True" /><Logger friendlyName="Console" uri="logger://microsoft/TestPlatform/ConsoleLogger/v1" assemblyQualifiedName="Microsoft.VisualStudio.TestPlatform.CommandLine.Internal.ConsoleLogger, vstest.console, Version=15.0.0.0, Culture=neutral, PublicKeyToken=b03f5f7f11d50a3a" codeBase="C:\Program Files\dotnet\sdk\5.0.302\vstest.console.dll" enabled="True" /></Loggers></LoggerRunSettings><DataCollectionRunSettings><DataCollectors><DataCollector friendlyName="blame" enabled="True"><Configuration><ResultsDirectory>C:\Systems\BasketPriceCalculation\PriceCalculation.UnitTests\bin\Debug\netcoreapp3.1\fine-code-coverage\coverage-tool-output</ResultsDirectory></Configuration></DataCollector></DataCollectors></DataCollectionRunSettings></RunSettings> and sources System.Linq.Enumerable+Concat2Iterator`1[System.String]: 
TpTrace Verbose: 0 : 22388, 4, 2021/10/25, 17:34:29.956, 224001526768, vstest.console.dll, DataCollectionRequestSender.SendBeforeTestRunStartAndGetResult : Received message: (DataCollection.SendMessage) -> {
  "FriendlyName": null,
  "Uri": null,
  "TestCaseId": "00000000-0000-0000-0000-000000000000",
  "Message": "Logging DataCollector Diagnostics in file: C:\\Systems\\BasketPriceCalculation\\PriceCalculation.UnitTests\\bin\\Debug\\netcoreapp3.1\\fine-code-coverage\\coverage-tool-output\\diagnostics.datacollector.21-10-25_17-34-29_78675_4.log",
  "Level": 0
}
TpTrace Verbose: 0 : 22388, 4, 2021/10/25, 17:34:30.002, 224001989592, vstest.console.dll, DataCollectionRequestSender.SendBeforeTestRunStartAndGetResult : Received message: (DataCollection.BeforeTestRunStartResult) -> {
  "EnvironmentVariables": {},
  "DataCollectionEventsPort": 53405
}
TpTrace Information: 0 : 22388, 4, 2021/10/25, 17:34:30.005, 224002017209, vstest.console.dll, ProxyDataCollectionManager.BeforeTestRunStart: SendBeforeTestRunStartAndGetResult successful, env variable from datacollector:   and testhost port: 53405
TpTrace Information: 0 : 22388, 4, 2021/10/25, 17:34:30.005, 224002018280, vstest.console.dll, ProxyDataCollectionManager.InvokeDataCollectionServiceAction: Completed.
TpTrace Verbose: 0 : 22388, 1, 2021/10/25, 17:34:30.005, 224002019588, vstest.console.dll, TestRunRequest.ExecuteAsync: Creating test run request.
TpTrace Verbose: 0 : 22388, 1, 2021/10/25, 17:34:30.005, 224002021855, vstest.console.dll, TestRunRequest.ExecuteAsync: Starting.
TpTrace Information: 0 : 22388, 1, 2021/10/25, 17:34:30.005, 224002024118, vstest.console.dll, TestRunRequest.ExecuteAsync: Starting run with settings:TestRunCriteria:
   KeepAlive=False,FrequencyOfRunStatsChangeEvent=10,RunStatsChangeEventTimeout=00:00:01.5000000,TestCaseFilter=,TestExecutorLauncher=
   Settingsxml=<RunSettings>
  <RunConfiguration>
    <ResultsDirectory>C:\Systems\BasketPriceCalculation\PriceCalculation.UnitTests\bin\Debug\netcoreapp3.1\fine-code-coverage\coverage-tool-output</ResultsDirectory>
    <TargetPlatform>X64</TargetPlatform>
    <TargetFrameworkVersion>.NETCoreApp,Version=v3.1</TargetFrameworkVersion>
    <DesignMode>False</DesignMode>
    <CollectSourceInformation>False</CollectSourceInformation>
  </RunConfiguration>
  <LoggerRunSettings>
    <Loggers>
      <Logger friendlyName="blame" enabled="True" />
      <Logger friendlyName="Console" uri="logger://microsoft/TestPlatform/ConsoleLogger/v1" assemblyQualifiedName="Microsoft.VisualStudio.TestPlatform.CommandLine.Internal.ConsoleLogger, vstest.console, Version=15.0.0.0, Culture=neutral, PublicKeyToken=b03f5f7f11d50a3a" codeBase="C:\Program Files\dotnet\sdk\5.0.302\vstest.console.dll" enabled="True" />
    </Loggers>
  </LoggerRunSettings>
  <DataCollectionRunSettings>
    <DataCollectors>
      <DataCollector friendlyName="blame" enabled="True">
        <Configuration>
          <ResultsDirectory>C:\Systems\BasketPriceCalculation\PriceCalculation.UnitTests\bin\Debug\netcoreapp3.1\fine-code-coverage\coverage-tool-output</ResultsDirectory>
        </Configuration>
      </DataCollector>
    </DataCollectors>
  </DataCollectionRunSettings>
</RunSettings>

TpTrace Verbose: 0 : 22388, 1, 2021/10/25, 17:34:30.005, 224002024840, vstest.console.dll, TestRunRequest.ExecuteAsync: Wait for the first run request is over.
TpTrace Verbose: 0 : 22388, 1, 2021/10/25, 17:34:30.006, 224002028033, vstest.console.dll, ParallelProxyExecutionManager: Start execution. Total sources: 1
TpTrace Information: 0 : 22388, 1, 2021/10/25, 17:34:30.006, 224002032472, vstest.console.dll, ProxyParallelExecutionManager: Triggering test run for next source: C:\Systems\BasketPriceCalculation\PriceCalculation.UnitTests\bin\Debug\netcoreapp3.1\fine-code-coverage\build-output\PriceCalculation.UnitTests.dll
TpTrace Verbose: 0 : 22388, 6, 2021/10/25, 17:34:30.006, 224002033817, vstest.console.dll, ParallelProxyExecutionManager: Execution started. Started clients: 1
TpTrace Verbose: 0 : 22388, 1, 2021/10/25, 17:34:30.006, 224002034170, vstest.console.dll, ProxyParallelExecutionManager: No sources available for execution.
TpTrace Information: 0 : 22388, 1, 2021/10/25, 17:34:30.006, 224002035470, vstest.console.dll, TestRunRequest.ExecuteAsync: Started.
TpTrace Verbose: 0 : 22388, 6, 2021/10/25, 17:34:30.007, 224002036424, vstest.console.dll, TestRunRequest:SendTestRunMessage: Starting.
TpTrace Verbose: 0 : 22388, 1, 2021/10/25, 17:34:30.007, 224002036486, vstest.console.dll, TestRunRequest.WaitForCompletion: Waiting with timeout -1.
TpTrace Information: 0 : 22388, 6, 2021/10/25, 17:34:30.007, 224002037691, vstest.console.dll, TestRunRequest:SendTestRunMessage: Completed.
TpTrace Verbose: 0 : 22388, 6, 2021/10/25, 17:34:30.007, 224002039510, vstest.console.dll, ProxyExecutionManager: Test host is always Lazy initialize.
TpTrace Verbose: 0 : 22388, 6, 2021/10/25, 17:34:30.007, 224002041475, vstest.console.dll, TestRequestSender.InitializeCommunication: initialize communication. 
TpTrace Information: 0 : 22388, 6, 2021/10/25, 17:34:30.007, 224002045519, vstest.console.dll, SocketServer.Start: Listening on endpoint : 127.0.0.1:53406
TpTrace Verbose: 0 : 22388, 6, 2021/10/25, 17:34:30.008, 224002050815, vstest.console.dll, DotnetTestHostmanager: Adding  --runtimeconfig "C:\Systems\BasketPriceCalculation\PriceCalculation.UnitTests\bin\Debug\netcoreapp3.1\fine-code-coverage\build-output\PriceCalculation.UnitTests.runtimeconfig.json" in args
TpTrace Verbose: 0 : 22388, 6, 2021/10/25, 17:34:30.008, 224002051856, vstest.console.dll, DotnetTestHostmanager: Adding  --depsfile "C:\Systems\BasketPriceCalculation\PriceCalculation.UnitTests\bin\Debug\netcoreapp3.1\fine-code-coverage\build-output\PriceCalculation.UnitTests.deps.json" in args
TpTrace Verbose: 0 : 22388, 6, 2021/10/25, 17:34:30.008, 224002053689, vstest.console.dll, DotnetTestHostManager: Testhost.exe/testhost.x86.exe found at path: C:\Systems\BasketPriceCalculation\PriceCalculation.UnitTests\bin\Debug\netcoreapp3.1\fine-code-coverage\build-output\testhost.exe
TpTrace Verbose: 0 : 22388, 6, 2021/10/25, 17:34:30.008, 224002054344, vstest.console.dll, DotnetTestHostmanager: Full path of host exe is C:\Systems\BasketPriceCalculation\PriceCalculation.UnitTests\bin\Debug\netcoreapp3.1\fine-code-coverage\build-output\testhost.exe
TpTrace Verbose: 0 : 22388, 4, 2021/10/25, 17:34:30.009, 224002061212, vstest.console.dll, DotnetTestHostManager: Starting process 'C:\Systems\BasketPriceCalculation\PriceCalculation.UnitTests\bin\Debug\netcoreapp3.1\fine-code-coverage\build-output\testhost.exe' with command line ' --runtimeconfig "C:\Systems\BasketPriceCalculation\PriceCalculation.UnitTests\bin\Debug\netcoreapp3.1\fine-code-coverage\build-output\PriceCalculation.UnitTests.runtimeconfig.json" --depsfile "C:\Systems\BasketPriceCalculation\PriceCalculation.UnitTests\bin\Debug\netcoreapp3.1\fine-code-coverage\build-output\PriceCalculation.UnitTests.deps.json" --port 53406 --endpoint 127.0.0.1:053406 --role client --parentprocessid 22388 --diag "C:\Systems\BasketPriceCalculation\PriceCalculation.UnitTests\bin\Debug\netcoreapp3.1\fine-code-coverage\coverage-tool-output\diagnostics.host.21-10-25_17-34-30_00817_6.log" --tracelevel 4 --datacollectionport 53405 --telemetryoptedin false'
TpTrace Verbose: 0 : 22388, 4, 2021/10/25, 17:34:30.012, 224002094087, vstest.console.dll, Test Runtime launched
TpTrace Verbose: 0 : 22388, 6, 2021/10/25, 17:34:30.013, 224002100640, vstest.console.dll, TestRequestSender.WaitForRequestHandlerConnection: waiting for connection with timeout: 90000
TpTrace Verbose: 0 : 22388, 4, 2021/10/25, 17:34:30.137, 224003336926, vstest.console.dll, SocketServer.OnClientConnected: Client connected for endPoint: 127.0.0.1:53406, starting MessageLoopAsync:
TpTrace Verbose: 0 : 22388, 14, 2021/10/25, 17:34:30.137, 224003340400, vstest.console.dll, TcpClientExtensions.MessageLoopAsync: Polling on remoteEndPoint: 127.0.0.1:53407 localEndPoint: 127.0.0.1:53406
TpTrace Verbose: 0 : 22388, 14, 2021/10/25, 17:34:30.245, 224004425625, vstest.console.dll, TcpClientExtensions.MessageLoopAsync: NotifyDataAvailable remoteEndPoint: 127.0.0.1:53407 localEndPoint: 127.0.0.1:53406
TpTrace Verbose: 0 : 22388, 14, 2021/10/25, 17:34:30.246, 224004428529, vstest.console.dll, TestRequestSender.CheckVersionWithTestHost: onMessageReceived received message: (ProtocolVersion) -> 5
TpTrace Verbose: 0 : 22388, 14, 2021/10/25, 17:34:30.246, 224004431713, vstest.console.dll, TcpClientExtensions.MessageLoopAsync: Polling on remoteEndPoint: 127.0.0.1:53407 localEndPoint: 127.0.0.1:53406
TpTrace Verbose: 0 : 22388, 6, 2021/10/25, 17:34:30.246, 224004432897, vstest.console.dll, TestPluginCache.GetExtensionPaths: Filtered extension paths: 
TpTrace Verbose: 0 : 22388, 6, 2021/10/25, 17:34:30.246, 224004433744, vstest.console.dll, TestPluginCache.GetExtensionPaths: Added default extension paths: C:\Program Files\dotnet\sdk\5.0.302\Extensions\Microsoft.Diagnostics.NETCore.Client.dll
C:\Program Files\dotnet\sdk\5.0.302\Extensions\Microsoft.TestPlatform.Extensions.BlameDataCollector.dll
C:\Program Files\dotnet\sdk\5.0.302\Extensions\Microsoft.TestPlatform.Extensions.EventLogCollector.dll
C:\Program Files\dotnet\sdk\5.0.302\Extensions\Microsoft.TestPlatform.TestHostRuntimeProvider.dll
C:\Program Files\dotnet\sdk\5.0.302\Extensions\Microsoft.VisualStudio.TestPlatform.Extensions.Html.TestLogger.dll
C:\Program Files\dotnet\sdk\5.0.302\Extensions\Microsoft.VisualStudio.TestPlatform.Extensions.Trx.TestLogger.dll
TpTrace Verbose: 0 : 22388, 6, 2021/10/25, 17:34:30.246, 224004434321, vstest.console.dll, TestPluginCache.GetExtensionPaths: Added unfilterableExtensionPaths: 
TpTrace Verbose: 0 : 22388, 6, 2021/10/25, 17:34:30.248, 224004455552, vstest.console.dll, TestRequestSender.InitializeExecution: Sending initializing execution with message: {"Version":5,"MessageType":"TestExecution.Initialize","Payload":["C:\\Systems\\BasketPriceCalculation\\PriceCalculation.UnitTests\\bin\\Debug\\netcoreapp3.1\\fine-code-coverage\\build-output\\Microsoft.VisualStudio.TestPlatform.MSTest.TestAdapter.dll"]}
TpTrace Verbose: 0 : 22388, 14, 2021/10/25, 17:34:30.254, 224004512991, vstest.console.dll, TcpClientExtensions.MessageLoopAsync: NotifyDataAvailable remoteEndPoint: 127.0.0.1:53407 localEndPoint: 127.0.0.1:53406
TpTrace Verbose: 0 : 22388, 14, 2021/10/25, 17:34:30.254, 224004514634, vstest.console.dll, TestRequestSender.OnExecutionMessageReceived: Received message: {"Version":5,"MessageType":"TestSession.Message","Payload":{"MessageLevel":0,"Message":"Logging TestHost Diagnostics in file: C:\\Systems\\BasketPriceCalculation\\PriceCalculation.UnitTests\\bin\\Debug\\netcoreapp3.1\\fine-code-coverage\\coverage-tool-output\\diagnostics.host.21-10-25_17-34-30_00817_6.log"}}
TpTrace Verbose: 0 : 22388, 6, 2021/10/25, 17:34:30.255, 224004519657, vstest.console.dll, TestRequestSender.StartTestRun: Sending test run with message: {"Version":5,"MessageType":"TestExecution.StartWithSources","Payload":{"AdapterSourceMap":{"_none_":["C:\\Systems\\BasketPriceCalculation\\PriceCalculation.UnitTests\\bin\\Debug\\netcoreapp3.1\\fine-code-coverage\\build-output\\PriceCalculation.UnitTests.dll"]},"RunSettings":"<RunSettings>\r\n  <RunConfiguration>\r\n    <ResultsDirectory>C:\\Systems\\BasketPriceCalculation\\PriceCalculation.UnitTests\\bin\\Debug\\netcoreapp3.1\\fine-code-coverage\\coverage-tool-output</ResultsDirectory>\r\n    <TargetPlatform>X64</TargetPlatform>\r\n    <TargetFrameworkVersion>.NETCoreApp,Version=v3.1</TargetFrameworkVersion>\r\n    <DesignMode>False</DesignMode>\r\n    <CollectSourceInformation>False</CollectSourceInformation>\r\n  </RunConfiguration>\r\n  <LoggerRunSettings>\r\n    <Loggers>\r\n      <Logger friendlyName=\"blame\" enabled=\"True\" />\r\n      <Logger friendlyName=\"Console\" uri=\"logger://microsoft/TestPlatform/ConsoleLogger/v1\" assemblyQualifiedName=\"Microsoft.VisualStudio.TestPlatform.CommandLine.Internal.ConsoleLogger, vstest.console, Version=15.0.0.0, Culture=neutral, PublicKeyToken=b03f5f7f11d50a3a\" codeBase=\"C:\\Program Files\\dotnet\\sdk\\5.0.302\\vstest.console.dll\" enabled=\"True\" />\r\n    </Loggers>\r\n  </LoggerRunSettings>\r\n  <DataCollectionRunSettings>\r\n    <DataCollectors>\r\n      <DataCollector friendlyName=\"blame\" enabled=\"True\">\r\n        <Configuration>\r\n          <ResultsDirectory>C:\\Systems\\BasketPriceCalculation\\PriceCalculation.UnitTests\\bin\\Debug\\netcoreapp3.1\\fine-code-coverage\\coverage-tool-output</ResultsDirectory>\r\n        </Configuration>\r\n      </DataCollector>\r\n    </DataCollectors>\r\n  </DataCollectionRunSettings>\r\n</RunSettings>","TestExecutionContext":{"FrequencyOfRunStatsChangeEvent":10,"RunStatsChangeEventTimeout":"00:00:01.5000000","InIsolation":false,"KeepAlive":false,"AreTestCaseLevelEventsRequired":false,"IsDebug":false,"TestCaseFilter":null,"FilterOptions":null},"Package":null}}
TpTrace Verbose: 0 : 22388, 14, 2021/10/25, 17:34:30.256, 224004528676, vstest.console.dll, TestRunRequest:SendTestRunMessage: Starting.
TpTrace Information: 0 : 22388, 14, 2021/10/25, 17:34:30.256, 224004529691, vstest.console.dll, TestRunRequest:SendTestRunMessage: Completed.
TpTrace Verbose: 0 : 22388, 14, 2021/10/25, 17:34:30.256, 224004530460, vstest.console.dll, TcpClientExtensions.MessageLoopAsync: Polling on remoteEndPoint: 127.0.0.1:53407 localEndPoint: 127.0.0.1:53406
TpTrace Verbose: 0 : 22388, 14, 2021/10/25, 17:34:30.546, 224007426541, vstest.console.dll, TcpClientExtensions.MessageLoopAsync: NotifyDataAvailable remoteEndPoint: 127.0.0.1:53407 localEndPoint: 127.0.0.1:53406
TpTrace Verbose: 0 : 22388, 14, 2021/10/25, 17:34:30.548, 224007452612, vstest.console.dll, TestRequestSender.OnExecutionMessageReceived: Received message: {"Version":5,"MessageType":"TestExecution.Completed","Payload":{"TestRunCompleteArgs":{"TestRunStatistics":{"ExecutedTests":6,"Stats":{"Passed":6}},"IsCanceled":false,"IsAborted":false,"Error":null,"AttachmentSets":[],"ElapsedTimeInRunningTests":"00:00:00.1676381","Metrics":{}},"LastRunTests":{"NewTestResults":[{"TestCase":{"Id":"9ddc949c-1ca5-768b-88dd-fac5ac6991a7","FullyQualifiedName":"PriceCalculation.UnitTests.OfferTests.Single_Butter_And_Bread_Only_Discount_Scenario","DisplayName":"Single_Butter_And_Bread_Only_Discount_Scenario","ExecutorUri":"executor://MSTestAdapter/v2","Source":"C:\\Systems\\BasketPriceCalculation\\PriceCalculation.UnitTests\\bin\\Debug\\netcoreapp3.1\\fine-code-coverage\\build-output\\PriceCalculation.UnitTests.dll","CodeFilePath":null,"LineNumber":-1,"Properties":[{"Key":{"Id":"TestCase.ManagedType","Label":"ManagedType","Category":"","Description":"","Attributes":1,"ValueType":"System.String"},"Value":"PriceCalculation.UnitTests.OfferTests"},{"Key":{"Id":"TestCase.ManagedMethod","Label":"ManagedMethod","Category":"","Description":"","Attributes":1,"ValueType":"System.String"},"Value":"Single_Butter_And_Bread_Only_Discount_Scenario"},{"Key":{"Id":"MSTestDiscoverer.TestClassName","Label":"ClassName","Category":"","Description":"","Attributes":1,"ValueType":"System.String"},"Value":"PriceCalculation.UnitTests.OfferTests"},{"Key":{"Id":"TestObject.Traits","Label":"Traits","Category":"","Description":"","Attributes":5,"ValueType":"System.Collections.Generic.KeyValuePair`2[[System.String],[System.String]][]"},"Value":[]}]},"Attachments":[],"Outcome":1,"ErrorMessage":null,"ErrorStackTrace":null,"DisplayName":null,"Messages":[],"ComputerName":null,"Duration":"00:00:00.0069357","StartTime":"2021-10-25T17:34:30.4498855+01:00","EndTime":"2021-10-25T17:34:30.4775795+01:00","Properties":[{"Key":{"Id":"ExecutionId","Label":"ExecutionId","Category":"","Description":"","Attributes":1,"ValueType":"System.Guid"},"Value":"00000000-0000-0000-0000-000000000000"},{"Key":{"Id":"ParentExecId","Label":"ParentExecId","Category":"","Description":"","Attributes":1,"ValueType":"System.Guid"},"Value":"00000000-0000-0000-0000-000000000000"},{"Key":{"Id":"InnerResultsCount","Label":"InnerResultsCount","Category":"","Description":"","Attributes":1,"ValueType":"System.Int32"},"Value":0}]},{"TestCase":{"Id":"dda33df7-b941-d0d5-0e0d-27cf3cd2611e","FullyQualifiedName":"PriceCalculation.UnitTests.OfferTests.Butter_And_Bread_Only_Discount_Scenario","DisplayName":"Butter_And_Bread_Only_Discount_Scenario","ExecutorUri":"executor://MSTestAdapter/v2","Source":"C:\\Systems\\BasketPriceCalculation\\PriceCalculation.UnitTests\\bin\\Debug\\netcoreapp3.1\\fine-code-coverage\\build-output\\PriceCalculation.UnitTests.dll","CodeFilePath":null,"LineNumber":-1,"Properties":[{"Key":{"Id":"TestCase.ManagedType","Label":"ManagedType","Category":"","Description":"","Attributes":1,"ValueType":"System.String"},"Value":"PriceCalculation.UnitTests.OfferTests"},{"Key":{"Id":"TestCase.ManagedMethod","Label":"ManagedMethod","Category":"","Description":"","Attributes":1,"ValueType":"System.String"},"Value":"Butter_And_Bread_Only_Discount_Scenario"},{"Key":{"Id":"MSTestDiscoverer.TestClassName","Label":"ClassName","Category":"","Description":"","Attributes":1,"ValueType":"System.String"},"Value":"PriceCalculation.UnitTests.OfferTests"},{"Key":{"Id":"TestObject.Traits","Label":"Traits","Category":"","Description":"","Attributes":5,"ValueType":"System.Collections.Generic.KeyValuePair`2[[System.String],[System.String]][]"},"Value":[]}]},"Attachments":[],"Outcome":1,"ErrorMessage":null,"ErrorStackTrace":null,"DisplayName":null,"Messages":[],"ComputerName":null,"Duration":"00:00:00.0004848","StartTime":"2021-10-25T17:34:30.4946425+01:00","EndTime":"2021-10-25T17:34:30.4953791+01:00","Properties":[{"Key":{"Id":"ExecutionId","Label":"ExecutionId","Category":"","Description":"","Attributes":1,"ValueType":"System.Guid"},"Value":"00000000-0000-0000-0000-000000000000"},{"Key":{"Id":"ParentExecId","Label":"ParentExecId","Category":"","Description":"","Attributes":1,"ValueType":"System.Guid"},"Value":"00000000-0000-0000-0000-000000000000"},{"Key":{"Id":"InnerResultsCount","Label":"InnerResultsCount","Category":"","Description":"","Attributes":1,"ValueType":"System.Int32"},"Value":0}]},{"TestCase":{"Id":"75a28eb8-c2b0-b482-f9b1-6296729f9b18","FullyQualifiedName":"PriceCalculation.UnitTests.OfferTests.Milk_Only_Discount_Scenario","DisplayName":"Milk_Only_Discount_Scenario","ExecutorUri":"executor://MSTestAdapter/v2","Source":"C:\\Systems\\BasketPriceCalculation\\PriceCalculation.UnitTests\\bin\\Debug\\netcoreapp3.1\\fine-code-coverage\\build-output\\PriceCalculation.UnitTests.dll","CodeFilePath":null,"LineNumber":-1,"Properties":[{"Key":{"Id":"TestCase.ManagedType","Label":"ManagedType","Category":"","Description":"","Attributes":1,"ValueType":"System.String"},"Value":"PriceCalculation.UnitTests.OfferTests"},{"Key":{"Id":"TestCase.ManagedMethod","Label":"ManagedMethod","Category":"","Description":"","Attributes":1,"ValueType":"System.String"},"Value":"Milk_Only_Discount_Scenario"},{"Key":{"Id":"MSTestDiscoverer.TestClassName","Label":"ClassName","Category":"","Description":"","Attributes":1,"ValueType":"System.String"},"Value":"PriceCalculation.UnitTests.OfferTests"},{"Key":{"Id":"TestObject.Traits","Label":"Traits","Category":"","Description":"","Attributes":5,"ValueType":"System.Collections.Generic.KeyValuePair`2[[System.String],[System.String]][]"},"Value":[]}]},"Attachments":[],"Outcome":1,"ErrorMessage":null,"ErrorStackTrace":null,"DisplayName":null,"Messages":[],"ComputerName":null,"Duration":"00:00:00.0050493","StartTime":"2021-10-25T17:34:30.4994579+01:00","EndTime":"2021-10-25T17:34:30.5048129+01:00","Properties":[{"Key":{"Id":"ExecutionId","Label":"ExecutionId","Category":"","Description":"","Attributes":1,"ValueType":"System.Guid"},"Value":"00000000-0000-0000-0000-000000000000"},{"Key":{"Id":"ParentExecId","Label":"ParentExecId","Category":"","Description":"","Attributes":1,"ValueType":"System.Guid"},"Value":"00000000-0000-0000-0000-000000000000"},{"Key":{"Id":"InnerResultsCount","Label":"InnerResultsCount","Category":"","Description":"","Attributes":1,"ValueType":"System.Int32"},"Value":0}]},{"TestCase":{"Id":"ac0d1f8e-a93c-5299-cd97-2189cfde37ad","FullyQualifiedName":"PriceCalculation.UnitTests.OfferTests.Butter_And_Bread_And_Milk_Discount_Scenario","DisplayName":"Butter_And_Bread_And_Milk_Discount_Scenario","ExecutorUri":"executor://MSTestAdapter/v2","Source":"C:\\Systems\\BasketPriceCalculation\\PriceCalculation.UnitTests\\bin\\Debug\\netcoreapp3.1\\fine-code-coverage\\build-output\\PriceCalculation.UnitTests.dll","CodeFilePath":null,"LineNumber":-1,"Properties":[{"Key":{"Id":"TestCase.ManagedType","Label":"ManagedType","Category":"","Description":"","Attributes":1,"ValueType":"System.String"},"Value":"PriceCalculation.UnitTests.OfferTests"},{"Key":{"Id":"TestCase.ManagedMethod","Label":"ManagedMethod","Category":"","Description":"","Attributes":1,"ValueType":"System.String"},"Value":"Butter_And_Bread_And_Milk_Discount_Scenario"},{"Key":{"Id":"MSTestDiscoverer.TestClassName","Label":"ClassName","Category":"","Description":"","Attributes":1,"ValueType":"System.String"},"Value":"PriceCalculation.UnitTests.OfferTests"},{"Key":{"Id":"TestObject.Traits","Label":"Traits","Category":"","Description":"","Attributes":5,"ValueType":"System.Collections.Generic.KeyValuePair`2[[System.String],[System.String]][]"},"Value":[]}]},"Attachments":[],"Outcome":1,"ErrorMessage":null,"ErrorStackTrace":null,"DisplayName":null,"Messages":[],"ComputerName":null,"Duration":"00:00:00.0005129","StartTime":"2021-10-25T17:34:30.507322+01:00","EndTime":"2021-10-25T17:34:30.5080852+01:00","Properties":[{"Key":{"Id":"ExecutionId","Label":"ExecutionId","Category":"","Description":"","Attributes":1,"ValueType":"System.Guid"},"Value":"00000000-0000-0000-0000-000000000000"},{"Key":{"Id":"ParentExecId","Label":"ParentExecId","Category":"","Description":"","Attributes":1,"ValueType":"System.Guid"},"Value":"00000000-0000-0000-0000-000000000000"},{"Key":{"Id":"InnerResultsCount","Label":"InnerResultsCount","Category":"","Description":"","Attributes":1,"ValueType":"System.Int32"},"Value":0}]},{"TestCase":{"Id":"113d0ff0-89df-4903-24fb-2c8c0378080b","FullyQualifiedName":"PriceCalculation.UnitTests.OfferTests.No_Offer_Basket_Scenario","DisplayName":"No_Offer_Basket_Scenario","ExecutorUri":"executor://MSTestAdapter/v2","Source":"C:\\Systems\\BasketPriceCalculation\\PriceCalculation.UnitTests\\bin\\Debug\\netcoreapp3.1\\fine-code-coverage\\build-output\\PriceCalculation.UnitTests.dll","CodeFilePath":null,"LineNumber":-1,"Properties":[{"Key":{"Id":"TestCase.ManagedType","Label":"ManagedType","Category":"","Description":"","Attributes":1,"ValueType":"System.String"},"Value":"PriceCalculation.UnitTests.OfferTests"},{"Key":{"Id":"TestCase.ManagedMethod","Label":"ManagedMethod","Category":"","Description":"","Attributes":1,"ValueType":"System.String"},"Value":"No_Offer_Basket_Scenario"},{"Key":{"Id":"MSTestDiscoverer.TestClassName","Label":"ClassName","Category":"","Description":"","Attributes":1,"ValueType":"System.String"},"Value":"PriceCalculation.UnitTests.OfferTests"},{"Key":{"Id":"TestObject.Traits","Label":"Traits","Category":"","Description":"","Attributes":5,"ValueType":"System.Collections.Generic.KeyValuePair`2[[System.String],[System.String]][]"},"Value":[]}]},"Attachments":[],"Outcome":1,"ErrorMessage":null,"ErrorStackTrace":null,"DisplayName":null,"Messages":[],"ComputerName":null,"Duration":"00:00:00.0002250","StartTime":"2021-10-25T17:34:30.5098834+01:00","EndTime":"2021-10-25T17:34:30.5103131+01:00","Properties":[{"Key":{"Id":"ExecutionId","Label":"ExecutionId","Category":"","Description":"","Attributes":1,"ValueType":"System.Guid"},"Value":"00000000-0000-0000-0000-000000000000"},{"Key":{"Id":"ParentExecId","Label":"ParentExecId","Category":"","Description":"","Attributes":1,"ValueType":"System.Guid"},"Value":"00000000-0000-0000-0000-000000000000"},{"Key":{"Id":"InnerResultsCount","Label":"InnerResultsCount","Category":"","Description":"","Attributes":1,"ValueType":"System.Int32"},"Value":0}]},{"TestCase":{"Id":"1cdddfc5-7fd8-ee76-4cbc-1c4938696462","FullyQualifiedName":"PriceCalculation.UnitTests.OfferTests.No_Product_Basket_Scenario","DisplayName":"No_Product_Basket_Scenario","ExecutorUri":"executor://MSTestAdapter/v2","Source":"C:\\Systems\\BasketPriceCalculation\\PriceCalculation.UnitTests\\bin\\Debug\\netcoreapp3.1\\fine-code-coverage\\build-output\\PriceCalculation.UnitTests.dll","CodeFilePath":null,"LineNumber":-1,"Properties":[{"Key":{"Id":"TestCase.ManagedType","Label":"ManagedType","Category":"","Description":"","Attributes":1,"ValueType":"System.String"},"Value":"PriceCalculation.UnitTests.OfferTests"},{"Key":{"Id":"TestCase.ManagedMethod","Label":"ManagedMethod","Category":"","Description":"","Attributes":1,"ValueType":"System.String"},"Value":"No_Product_Basket_Scenario"},{"Key":{"Id":"MSTestDiscoverer.TestClassName","Label":"ClassName","Category":"","Description":"","Attributes":1,"ValueType":"System.String"},"Value":"PriceCalculation.UnitTests.OfferTests"},{"Key":{"Id":"TestObject.Traits","Label":"Traits","Category":"","Description":"","Attributes":5,"ValueType":"System.Collections.Generic.KeyValuePair`2[[System.String],[System.String]][]"},"Value":[]}]},"Attachments":[],"Outcome":1,"ErrorMessage":null,"ErrorStackTrace":null,"DisplayName":null,"Messages":[],"ComputerName":null,"Duration":"00:00:00.0001291","StartTime":"2021-10-25T17:34:30.5122837+01:00","EndTime":"2021-10-25T17:34:30.5126512+01:00","Properties":[{"Key":{"Id":"ExecutionId","Label":"ExecutionId","Category":"","Description":"","Attributes":1,"ValueType":"System.Guid"},"Value":"00000000-0000-0000-0000-000000000000"},{"Key":{"Id":"ParentExecId","Label":"ParentExecId","Category":"","Description":"","Attributes":1,"ValueType":"System.Guid"},"Value":"00000000-0000-0000-0000-000000000000"},{"Key":{"Id":"InnerResultsCount","Label":"InnerResultsCount","Category":"","Description":"","Attributes":1,"ValueType":"System.Int32"},"Value":0}]}],"TestRunStatistics":{"ExecutedTests":6,"Stats":{"Passed":6}},"ActiveTests":[]},"RunAttachments":[],"ExecutorUris":["executor://mstestadapter/v2"]}}
TpTrace Verbose: 0 : 22388, 14, 2021/10/25, 17:34:30.549, 224007462181, vstest.console.dll, TestRequestSender.EndSession: Sending end session.
TpTrace Verbose: 0 : 22388, 14, 2021/10/25, 17:34:30.549, 224007463747, vstest.console.dll, ProxyOperationManager.Close: waiting for test host to exit for 100 ms
TpTrace Warning: 0 : 22388, 12, 2021/10/25, 17:34:30.559, 224007559115, vstest.console.dll, TestHostManagerCallbacks.ErrorReceivedCallback Test host standard error line: 
TpTrace Verbose: 0 : 22388, 7, 2021/10/25, 17:34:30.564, 224007611793, vstest.console.dll, TestHostProvider.ExitCallBack: Host exited starting callback.
TpTrace Information: 0 : 22388, 7, 2021/10/25, 17:34:30.564, 224007616091, vstest.console.dll, TestHostManagerCallbacks.ExitCallBack: Testhost processId: 16324 exited with exitcode: 0 error: ''
TpTrace Verbose: 0 : 22388, 7, 2021/10/25, 17:34:30.565, 224007617000, vstest.console.dll, DotnetTestHostManager.OnHostExited: invoking OnHostExited callback
TpTrace Verbose: 0 : 22388, 7, 2021/10/25, 17:34:30.565, 224007617826, vstest.console.dll, CrossPlatEngine.TestHostManagerHostExited: calling on client process exit callback.
TpTrace Information: 0 : 22388, 7, 2021/10/25, 17:34:30.565, 224007618619, vstest.console.dll, TestRequestSender.OnClientProcessExit: Test host process exited. Standard error: 
TpTrace Warning: 0 : 22388, 14, 2021/10/25, 17:34:30.565, 224007618652, vstest.console.dll, ProxyOperationManager: Timed out waiting for test host to exit. Will terminate process.
TpTrace Information: 0 : 22388, 7, 2021/10/25, 17:34:30.565, 224007619415, vstest.console.dll, SocketServer.Stop: Stop server endPoint: 127.0.0.1:53406
TpTrace Information: 0 : 22388, 7, 2021/10/25, 17:34:30.565, 224007621071, vstest.console.dll, SocketServer.Stop: Cancellation requested. Stopping message loop.
TpTrace Verbose: 0 : 22388, 14, 2021/10/25, 17:34:30.566, 224007628651, vstest.console.dll, ProxyDataCollectionManager.InvokeDataCollectionServiceAction: Starting.
TpTrace Information: 0 : 22388, 14, 2021/10/25, 17:34:30.566, 224007629354, vstest.console.dll, ProxyDataCollectionManager.AfterTestRunEnd: Get attachment set for datacollector processId: 12336 port: 53403
TpTrace Verbose: 0 : 22388, 14, 2021/10/25, 17:34:30.566, 224007630065, vstest.console.dll, DataCollectionRequestSender.SendAfterTestRunStartAndGetResult : Send AfterTestRunEnd message with isCancelled: False
TpTrace Verbose: 0 : 22388, 14, 2021/10/25, 17:34:30.569, 224007662390, vstest.console.dll, DataCollectionRequestSender.SendAfterTestRunStartAndGetResult : Received message: (DataCollection.AfterTestRunEndResult) -> {
  "AttachmentSets": [],
  "Metrics": {}
}
TpTrace Information: 0 : 22388, 14, 2021/10/25, 17:34:30.572, 224007691175, vstest.console.dll, ProxyDataCollectionManager.InvokeDataCollectionServiceAction: Completed.
TpTrace Warning: 0 : 22388, 9, 2021/10/25, 17:34:30.573, 224007697808, vstest.console.dll, DataCollectionLauncher.ErrorReceivedCallback datacollector standard error line: 
TpTrace Information: 0 : 22388, 7, 2021/10/25, 17:34:30.577, 224007739521, vstest.console.dll, DataCollectionLauncher.ExitCallBack: Data collector exited with exitcode: 0 error: ''
TpTrace Verbose: 0 : 22388, 14, 2021/10/25, 17:34:30.631, 224008285120, vstest.console.dll, TestRunRequest:SendTestRunStatsChange: Starting.
TpTrace Information: 0 : 22388, 14, 2021/10/25, 17:34:30.632, 224008287450, vstest.console.dll, TestRunRequest:SendTestRunStatsChange: Completed.
TpTrace Verbose: 0 : 22388, 14, 2021/10/25, 17:34:30.632, 224008289142, vstest.console.dll, ParallelProxyExecutionManager: HandlePartialRunComplete: Total completed clients = 1, Run complete = True, Run canceled: False.
TpTrace Verbose: 0 : 22388, 14, 2021/10/25, 17:34:30.649, 224008457296, vstest.console.dll, TestRunRequest:TestRunComplete: Starting. IsAborted:False IsCanceled:False.
TpTrace Verbose: 0 : 22388, 14, 2021/10/25, 17:34:30.649, 224008459335, vstest.console.dll, TestLoggerManager.HandleTestRunComplete: Ignoring as the object is disposed.
TpTrace Information: 0 : 22388, 14, 2021/10/25, 17:34:30.649, 224008461617, vstest.console.dll, TestRunRequest:TestRunComplete: Completed.
TpTrace Verbose: 0 : 22388, 1, 2021/10/25, 17:34:30.649, 224008462173, vstest.console.dll, TestRunRequest.Dispose: Starting.
TpTrace Information: 0 : 22388, 1, 2021/10/25, 17:34:30.649, 224008463861, vstest.console.dll, TestRunRequest.Dispose: Completed.
TpTrace Verbose: 0 : 22388, 14, 2021/10/25, 17:34:30.649, 224008462776, vstest.console.dll, TestRequestSender.SetOperationComplete: Setting operation complete.
TpTrace Information: 0 : 22388, 1, 2021/10/25, 17:34:30.649, 224008464988, vstest.console.dll, TestRequestManager.RunTests: run tests completed.
TpTrace Information: 0 : 22388, 14, 2021/10/25, 17:34:30.649, 224008466124, vstest.console.dll, SocketServer.Stop: Stop server endPoint: 127.0.0.1:53406
TpTrace Information: 0 : 22388, 14, 2021/10/25, 17:34:30.650, 224008468130, vstest.console.dll, SocketServer.Stop: Cancellation requested. Stopping message loop.
TpTrace Information: 0 : 22388, 14, 2021/10/25, 17:34:30.650, 224008469315, vstest.console.dll, SocketServer.PrivateStop: Stop server endPoint: 127.0.0.1:53406 error: 
TpTrace Information: 0 : 22388, 1, 2021/10/25, 17:34:30.650, 224008467531, vstest.console.dll, RunTestsArgumentProcessor:Execute: Test run is completed.
TpTrace Verbose: 0 : 22388, 1, 2021/10/25, 17:34:30.650, 224008472770, vstest.console.dll, Executor.Execute: Exiting with exit code of 0
TpTrace Verbose: 0 : 22388, 14, 2021/10/25, 17:34:30.650, 224008475087, vstest.console.dll, LengthPrefixCommunicationChannel.Dispose: Dispose reader and writer.
